The target system is: Generic - 4.1.99 - arm
The host system is: Darwin - 23.4.0 - x86_64
Compiling the C compiler identification source file "CMakeCCompilerId.c" succeeded.
Compiler: /opt/nordic/ncs/toolchains/5c0d382932/opt/zephyr-sdk/arm-zephyr-eabi/bin/arm-zephyr-eabi-gcc 
Build flags: 
Id flags: -c 

The output was:
0


Compilation of the C compiler identification source "CMakeCCompilerId.c" produced "CMakeCCompilerId.o"

The C compiler identification is GNU, found in "/Users/airin/Downloads/blinky/build/blinky/CMakeFiles/3.21.0/CompilerIdC/CMakeCCompilerId.o"

Compiling the CXX compiler identification source file "CMakeCXXCompilerId.cpp" succeeded.
Compiler: /opt/nordic/ncs/toolchains/5c0d382932/opt/zephyr-sdk/arm-zephyr-eabi/bin/arm-zephyr-eabi-g++ 
Build flags: 
Id flags: -c 

The output was:
0


Compilation of the CXX compiler identification source "CMakeCXXCompilerId.cpp" produced "CMakeCXXCompilerId.o"

The CXX compiler identification is GNU, found in "/Users/airin/Downloads/blinky/build/blinky/CMakeFiles/3.21.0/CompilerIdCXX/CMakeCXXCompilerId.o"

Checking whether the ASM compiler is GNU using "--version" matched "(GNU assembler)|(GCC)|(Free Software Foundation)":
arm-zephyr-eabi-gcc (Zephyr SDK 0.17.0) 12.2.0
Copyright (C) 2022 Free Software Foundation, Inc.
This is free software; see the source for copying conditions.  There is NO
warranty; not even for MERCHANTABILITY or FITNESS FOR A PARTICULAR PURPOSE.

Performing C SOURCE FILE Test check_C__nostartfiles__nostdlib__isystem___opt_nordic_ncs_toolchains_5c0d382932_opt_zephyr_sdk_arm_zephyr_eabi_bin____lib_gcc_arm_zephyr_eabi_12_2_0_include___isystem___opt_nordic_ncs_toolchains_5c0d382932_opt_zephyr_sdk_arm_zephyr_eabi_bin____lib_gcc_arm_zephyr_eabi_12_2_0_include_fixed___Wl___unresolved_symbols_ignore_in_object_files__Wl___entry_0__fuse_ld_bfd succeeded with the following output:
Change Dir: /Users/airin/Downloads/blinky/build/blinky/CMakeFiles/CMakeTmp

Run Build Command(s):/opt/nordic/ncs/toolchains/5c0d382932/bin/ninja cmTC_8db7d && [1/2] Building C object CMakeFiles/cmTC_8db7d.dir/src.c.obj
[2/2] Linking C executable cmTC_8db7d


Source file was:
int main(void) { return 0; }
Performing C SOURCE FILE Test check_Wall_C__nostartfiles__nostdlib__isystem___opt_nordic_ncs_toolchains_5c0d382932_opt_zephyr_sdk_arm_zephyr_eabi_bin____lib_gcc_arm_zephyr_eabi_12_2_0_include___isystem___opt_nordic_ncs_toolchains_5c0d382932_opt_zephyr_sdk_arm_zephyr_eabi_bin____lib_gcc_arm_zephyr_eabi_12_2_0_include_fixed___Wl___unresolved_symbols_ignore_in_object_files__Wl___entry_0__fuse_ld_bfd succeeded with the following output:
Change Dir: /Users/airin/Downloads/blinky/build/blinky/CMakeFiles/CMakeTmp

Run Build Command(s):/opt/nordic/ncs/toolchains/5c0d382932/bin/ninja cmTC_a52e9 && [1/2] Building C object CMakeFiles/cmTC_a52e9.dir/src.c.obj
[2/2] Linking C executable cmTC_a52e9


Source file was:
int main(void) { return 0; }
Performing C SOURCE FILE Test check_Wformat__Wformat_security_C__nostartfiles__nostdlib__isystem___opt_nordic_ncs_toolchains_5c0d382932_opt_zephyr_sdk_arm_zephyr_eabi_bin____lib_gcc_arm_zephyr_eabi_12_2_0_include___isystem___opt_nordic_ncs_toolchains_5c0d382932_opt_zephyr_sdk_arm_zephyr_eabi_bin____lib_gcc_arm_zephyr_eabi_12_2_0_include_fixed___Wl___unresolved_symbols_ignore_in_object_files__Wl___entry_0__fuse_ld_bfd succeeded with the following output:
Change Dir: /Users/airin/Downloads/blinky/build/blinky/CMakeFiles/CMakeTmp

Run Build Command(s):/opt/nordic/ncs/toolchains/5c0d382932/bin/ninja cmTC_06529 && [1/2] Building C object CMakeFiles/cmTC_06529.dir/src.c.obj
[2/2] Linking C executable cmTC_06529


Source file was:
int main(void) { return 0; }
Performing C SOURCE FILE Test check_Wformat__Wformat_zero_length_C__nostartfiles__nostdlib__isystem___opt_nordic_ncs_toolchains_5c0d382932_opt_zephyr_sdk_arm_zephyr_eabi_bin____lib_gcc_arm_zephyr_eabi_12_2_0_include___isystem___opt_nordic_ncs_toolchains_5c0d382932_opt_zephyr_sdk_arm_zephyr_eabi_bin____lib_gcc_arm_zephyr_eabi_12_2_0_include_fixed___Wl___unresolved_symbols_ignore_in_object_files__Wl___entry_0__fuse_ld_bfd succeeded with the following output:
Change Dir: /Users/airin/Downloads/blinky/build/blinky/CMakeFiles/CMakeTmp

Run Build Command(s):/opt/nordic/ncs/toolchains/5c0d382932/bin/ninja cmTC_9e9cb && [1/2] Building C object CMakeFiles/cmTC_9e9cb.dir/src.c.obj
[2/2] Linking C executable cmTC_9e9cb


Source file was:
int main(void) { return 0; }
Performing C SOURCE FILE Test check_Wdouble_promotion_C__nostartfiles__nostdlib__isystem___opt_nordic_ncs_toolchains_5c0d382932_opt_zephyr_sdk_arm_zephyr_eabi_bin____lib_gcc_arm_zephyr_eabi_12_2_0_include___isystem___opt_nordic_ncs_toolchains_5c0d382932_opt_zephyr_sdk_arm_zephyr_eabi_bin____lib_gcc_arm_zephyr_eabi_12_2_0_include_fixed___Wl___unresolved_symbols_ignore_in_object_files__Wl___entry_0__fuse_ld_bfd succeeded with the following output:
Change Dir: /Users/airin/Downloads/blinky/build/blinky/CMakeFiles/CMakeTmp

Run Build Command(s):/opt/nordic/ncs/toolchains/5c0d382932/bin/ninja cmTC_ab429 && [1/2] Building C object CMakeFiles/cmTC_ab429.dir/src.c.obj
[2/2] Linking C executable cmTC_ab429


Source file was:
int main(void) { return 0; }
Performing C SOURCE FILE Test check_Wpointer_sign_C__nostartfiles__nostdlib__isystem___opt_nordic_ncs_toolchains_5c0d382932_opt_zephyr_sdk_arm_zephyr_eabi_bin____lib_gcc_arm_zephyr_eabi_12_2_0_include___isystem___opt_nordic_ncs_toolchains_5c0d382932_opt_zephyr_sdk_arm_zephyr_eabi_bin____lib_gcc_arm_zephyr_eabi_12_2_0_include_fixed___Wl___unresolved_symbols_ignore_in_object_files__Wl___entry_0__fuse_ld_bfd succeeded with the following output:
Change Dir: /Users/airin/Downloads/blinky/build/blinky/CMakeFiles/CMakeTmp

Run Build Command(s):/opt/nordic/ncs/toolchains/5c0d382932/bin/ninja cmTC_ec5d6 && [1/2] Building C object CMakeFiles/cmTC_ec5d6.dir/src.c.obj
[2/2] Linking C executable cmTC_ec5d6


Source file was:
int main(void) { return 0; }
Performing C SOURCE FILE Test check_Wpointer_arith_C__nostartfiles__nostdlib__isystem___opt_nordic_ncs_toolchains_5c0d382932_opt_zephyr_sdk_arm_zephyr_eabi_bin____lib_gcc_arm_zephyr_eabi_12_2_0_include___isystem___opt_nordic_ncs_toolchains_5c0d382932_opt_zephyr_sdk_arm_zephyr_eabi_bin____lib_gcc_arm_zephyr_eabi_12_2_0_include_fixed___Wl___unresolved_symbols_ignore_in_object_files__Wl___entry_0__fuse_ld_bfd succeeded with the following output:
Change Dir: /Users/airin/Downloads/blinky/build/blinky/CMakeFiles/CMakeTmp

Run Build Command(s):/opt/nordic/ncs/toolchains/5c0d382932/bin/ninja cmTC_059dc && [1/2] Building C object CMakeFiles/cmTC_059dc.dir/src.c.obj
[2/2] Linking C executable cmTC_059dc


Source file was:
int main(void) { return 0; }
Performing C SOURCE FILE Test check_Wexpansion_to_defined_C__nostartfiles__nostdlib__isystem___opt_nordic_ncs_toolchains_5c0d382932_opt_zephyr_sdk_arm_zephyr_eabi_bin____lib_gcc_arm_zephyr_eabi_12_2_0_include___isystem___opt_nordic_ncs_toolchains_5c0d382932_opt_zephyr_sdk_arm_zephyr_eabi_bin____lib_gcc_arm_zephyr_eabi_12_2_0_include_fixed___Wl___unresolved_symbols_ignore_in_object_files__Wl___entry_0__fuse_ld_bfd succeeded with the following output:
Change Dir: /Users/airin/Downloads/blinky/build/blinky/CMakeFiles/CMakeTmp

Run Build Command(s):/opt/nordic/ncs/toolchains/5c0d382932/bin/ninja cmTC_9be0f && [1/2] Building C object CMakeFiles/cmTC_9be0f.dir/src.c.obj
[2/2] Linking C executable cmTC_9be0f


Source file was:
int main(void) { return 0; }
Performing C SOURCE FILE Test check_Wlogical_op_C__nostartfiles__nostdlib__isystem___opt_nordic_ncs_toolchains_5c0d382932_opt_zephyr_sdk_arm_zephyr_eabi_bin____lib_gcc_arm_zephyr_eabi_12_2_0_include___isystem___opt_nordic_ncs_toolchains_5c0d382932_opt_zephyr_sdk_arm_zephyr_eabi_bin____lib_gcc_arm_zephyr_eabi_12_2_0_include_fixed___Wl___unresolved_symbols_ignore_in_object_files__Wl___entry_0__fuse_ld_bfd succeeded with the following output:
Change Dir: /Users/airin/Downloads/blinky/build/blinky/CMakeFiles/CMakeTmp

Run Build Command(s):/opt/nordic/ncs/toolchains/5c0d382932/bin/ninja cmTC_251ae && [1/2] Building C object CMakeFiles/cmTC_251ae.dir/src.c.obj
[2/2] Linking C executable cmTC_251ae


Source file was:
int main(void) { return 0; }
Performing C SOURCE FILE Test check_Wmissing_field_initializers_C__nostartfiles__nostdlib__isystem___opt_nordic_ncs_toolchains_5c0d382932_opt_zephyr_sdk_arm_zephyr_eabi_bin____lib_gcc_arm_zephyr_eabi_12_2_0_include___isystem___opt_nordic_ncs_toolchains_5c0d382932_opt_zephyr_sdk_arm_zephyr_eabi_bin____lib_gcc_arm_zephyr_eabi_12_2_0_include_fixed___Wl___unresolved_symbols_ignore_in_object_files__Wl___entry_0__fuse_ld_bfd succeeded with the following output:
Change Dir: /Users/airin/Downloads/blinky/build/blinky/CMakeFiles/CMakeTmp

Run Build Command(s):/opt/nordic/ncs/toolchains/5c0d382932/bin/ninja cmTC_d8f71 && [1/2] Building C object CMakeFiles/cmTC_d8f71.dir/src.c.obj
[2/2] Linking C executable cmTC_d8f71


Source file was:
int main(void) { return 0; }
Performing C SOURCE FILE Test check_Wpacked_bitfield_compat_C__nostartfiles__nostdlib__isystem___opt_nordic_ncs_toolchains_5c0d382932_opt_zephyr_sdk_arm_zephyr_eabi_bin____lib_gcc_arm_zephyr_eabi_12_2_0_include___isystem___opt_nordic_ncs_toolchains_5c0d382932_opt_zephyr_sdk_arm_zephyr_eabi_bin____lib_gcc_arm_zephyr_eabi_12_2_0_include_fixed___Wl___unresolved_symbols_ignore_in_object_files__Wl___entry_0__fuse_ld_bfd succeeded with the following output:
Change Dir: /Users/airin/Downloads/blinky/build/blinky/CMakeFiles/CMakeTmp

Run Build Command(s):/opt/nordic/ncs/toolchains/5c0d382932/bin/ninja cmTC_b1bea && [1/2] Building C object CMakeFiles/cmTC_b1bea.dir/src.c.obj
[2/2] Linking C executable cmTC_b1bea


Source file was:
int main(void) { return 0; }
Performing C SOURCE FILE Test check_Wvla_C__nostartfiles__nostdlib__isystem___opt_nordic_ncs_toolchains_5c0d382932_opt_zephyr_sdk_arm_zephyr_eabi_bin____lib_gcc_arm_zephyr_eabi_12_2_0_include___isystem___opt_nordic_ncs_toolchains_5c0d382932_opt_zephyr_sdk_arm_zephyr_eabi_bin____lib_gcc_arm_zephyr_eabi_12_2_0_include_fixed___Wl___unresolved_symbols_ignore_in_object_files__Wl___entry_0__fuse_ld_bfd succeeded with the following output:
Change Dir: /Users/airin/Downloads/blinky/build/blinky/CMakeFiles/CMakeTmp

Run Build Command(s):/opt/nordic/ncs/toolchains/5c0d382932/bin/ninja cmTC_fe264 && [1/2] Building C object CMakeFiles/cmTC_fe264.dir/src.c.obj
[2/2] Linking C executable cmTC_fe264


Source file was:
int main(void) { return 0; }
Performing C SOURCE FILE Test check_Wunused_but_set_variable_C__nostartfiles__nostdlib__isystem___opt_nordic_ncs_toolchains_5c0d382932_opt_zephyr_sdk_arm_zephyr_eabi_bin____lib_gcc_arm_zephyr_eabi_12_2_0_include___isystem___opt_nordic_ncs_toolchains_5c0d382932_opt_zephyr_sdk_arm_zephyr_eabi_bin____lib_gcc_arm_zephyr_eabi_12_2_0_include_fixed___Wl___unresolved_symbols_ignore_in_object_files__Wl___entry_0__fuse_ld_bfd succeeded with the following output:
Change Dir: /Users/airin/Downloads/blinky/build/blinky/CMakeFiles/CMakeTmp

Run Build Command(s):/opt/nordic/ncs/toolchains/5c0d382932/bin/ninja cmTC_dd201 && [1/2] Building C object CMakeFiles/cmTC_dd201.dir/src.c.obj
[2/2] Linking C executable cmTC_dd201


Source file was:
int main(void) { return 0; }
Performing C SOURCE FILE Test check_Werror_implicit_int_C__nostartfiles__nostdlib__isystem___opt_nordic_ncs_toolchains_5c0d382932_opt_zephyr_sdk_arm_zephyr_eabi_bin____lib_gcc_arm_zephyr_eabi_12_2_0_include___isystem___opt_nordic_ncs_toolchains_5c0d382932_opt_zephyr_sdk_arm_zephyr_eabi_bin____lib_gcc_arm_zephyr_eabi_12_2_0_include_fixed___Wl___unresolved_symbols_ignore_in_object_files__Wl___entry_0__fuse_ld_bfd succeeded with the following output:
Change Dir: /Users/airin/Downloads/blinky/build/blinky/CMakeFiles/CMakeTmp

Run Build Command(s):/opt/nordic/ncs/toolchains/5c0d382932/bin/ninja cmTC_a7114 && [1/2] Building C object CMakeFiles/cmTC_a7114.dir/src.c.obj
[2/2] Linking C executable cmTC_a7114


Source file was:
int main(void) { return 0; }
Performing C SOURCE FILE Test check_fno_printf_return_value_C__nostartfiles__nostdlib__isystem___opt_nordic_ncs_toolchains_5c0d382932_opt_zephyr_sdk_arm_zephyr_eabi_bin____lib_gcc_arm_zephyr_eabi_12_2_0_include___isystem___opt_nordic_ncs_toolchains_5c0d382932_opt_zephyr_sdk_arm_zephyr_eabi_bin____lib_gcc_arm_zephyr_eabi_12_2_0_include_fixed___Wl___unresolved_symbols_ignore_in_object_files__Wl___entry_0__fuse_ld_bfd succeeded with the following output:
Change Dir: /Users/airin/Downloads/blinky/build/blinky/CMakeFiles/CMakeTmp

Run Build Command(s):/opt/nordic/ncs/toolchains/5c0d382932/bin/ninja cmTC_a3c98 && [1/2] Building C object CMakeFiles/cmTC_a3c98.dir/src.c.obj
[2/2] Linking C executable cmTC_a3c98


Source file was:
int main(void) { return 0; }
Performing C SOURCE FILE Test check_mstack_protector_guard_global_C__nostartfiles__nostdlib__isystem___opt_nordic_ncs_toolchains_5c0d382932_opt_zephyr_sdk_arm_zephyr_eabi_bin____lib_gcc_arm_zephyr_eabi_12_2_0_include___isystem___opt_nordic_ncs_toolchains_5c0d382932_opt_zephyr_sdk_arm_zephyr_eabi_bin____lib_gcc_arm_zephyr_eabi_12_2_0_include_fixed___Wl___unresolved_symbols_ignore_in_object_files__Wl___entry_0__fuse_ld_bfd succeeded with the following output:
Change Dir: /Users/airin/Downloads/blinky/build/blinky/CMakeFiles/CMakeTmp

Run Build Command(s):/opt/nordic/ncs/toolchains/5c0d382932/bin/ninja cmTC_3dcd1 && [1/2] Building C object CMakeFiles/cmTC_3dcd1.dir/src.c.obj
[2/2] Linking C executable cmTC_3dcd1


Source file was:
int main(void) { return 0; }
Performing C SOURCE FILE Test check_fsanitize_undefined_C__nostartfiles__nostdlib__isystem___opt_nordic_ncs_toolchains_5c0d382932_opt_zephyr_sdk_arm_zephyr_eabi_bin____lib_gcc_arm_zephyr_eabi_12_2_0_include___isystem___opt_nordic_ncs_toolchains_5c0d382932_opt_zephyr_sdk_arm_zephyr_eabi_bin____lib_gcc_arm_zephyr_eabi_12_2_0_include_fixed___Wl___unresolved_symbols_ignore_in_object_files__Wl___entry_0__fuse_ld_bfd succeeded with the following output:
Change Dir: /Users/airin/Downloads/blinky/build/blinky/CMakeFiles/CMakeTmp

Run Build Command(s):/opt/nordic/ncs/toolchains/5c0d382932/bin/ninja cmTC_5bd08 && [1/2] Building C object CMakeFiles/cmTC_5bd08.dir/src.c.obj
[2/2] Linking C executable cmTC_5bd08


Source file was:
int main(void) { return 0; }
Performing C SOURCE FILE Test check_fsanitize_undefined_trap_on_error_C__nostartfiles__nostdlib__isystem___opt_nordic_ncs_toolchains_5c0d382932_opt_zephyr_sdk_arm_zephyr_eabi_bin____lib_gcc_arm_zephyr_eabi_12_2_0_include___isystem___opt_nordic_ncs_toolchains_5c0d382932_opt_zephyr_sdk_arm_zephyr_eabi_bin____lib_gcc_arm_zephyr_eabi_12_2_0_include_fixed___Wl___unresolved_symbols_ignore_in_object_files__Wl___entry_0__fuse_ld_bfd succeeded with the following output:
Change Dir: /Users/airin/Downloads/blinky/build/blinky/CMakeFiles/CMakeTmp

Run Build Command(s):/opt/nordic/ncs/toolchains/5c0d382932/bin/ninja cmTC_2b542 && [1/2] Building C object CMakeFiles/cmTC_2b542.dir/src.c.obj
[2/2] Linking C executable cmTC_2b542


Source file was:
int main(void) { return 0; }
Performing C SOURCE FILE Test check_fno_freestanding_C__nostartfiles__nostdlib__isystem___opt_nordic_ncs_toolchains_5c0d382932_opt_zephyr_sdk_arm_zephyr_eabi_bin____lib_gcc_arm_zephyr_eabi_12_2_0_include___isystem___opt_nordic_ncs_toolchains_5c0d382932_opt_zephyr_sdk_arm_zephyr_eabi_bin____lib_gcc_arm_zephyr_eabi_12_2_0_include_fixed___Wl___unresolved_symbols_ignore_in_object_files__Wl___entry_0__fuse_ld_bfd succeeded with the following output:
Change Dir: /Users/airin/Downloads/blinky/build/blinky/CMakeFiles/CMakeTmp

Run Build Command(s):/opt/nordic/ncs/toolchains/5c0d382932/bin/ninja cmTC_baa05 && [1/2] Building C object CMakeFiles/cmTC_baa05.dir/src.c.obj
[2/2] Linking C executable cmTC_baa05


Source file was:
int main(void) { return 0; }
Performing C SOURCE FILE Test check_ffreestanding_C__nostartfiles__nostdlib__isystem___opt_nordic_ncs_toolchains_5c0d382932_opt_zephyr_sdk_arm_zephyr_eabi_bin____lib_gcc_arm_zephyr_eabi_12_2_0_include___isystem___opt_nordic_ncs_toolchains_5c0d382932_opt_zephyr_sdk_arm_zephyr_eabi_bin____lib_gcc_arm_zephyr_eabi_12_2_0_include_fixed___Wl___unresolved_symbols_ignore_in_object_files__Wl___entry_0__fuse_ld_bfd succeeded with the following output:
Change Dir: /Users/airin/Downloads/blinky/build/blinky/CMakeFiles/CMakeTmp

Run Build Command(s):/opt/nordic/ncs/toolchains/5c0d382932/bin/ninja cmTC_de579 && [1/2] Building C object CMakeFiles/cmTC_de579.dir/src.c.obj
[2/2] Linking C executable cmTC_de579


Source file was:
int main(void) { return 0; }
Performing C SOURCE FILE Test check_gdwarf_4_C__nostartfiles__nostdlib__isystem___opt_nordic_ncs_toolchains_5c0d382932_opt_zephyr_sdk_arm_zephyr_eabi_bin____lib_gcc_arm_zephyr_eabi_12_2_0_include___isystem___opt_nordic_ncs_toolchains_5c0d382932_opt_zephyr_sdk_arm_zephyr_eabi_bin____lib_gcc_arm_zephyr_eabi_12_2_0_include_fixed___Wl___unresolved_symbols_ignore_in_object_files__Wl___entry_0__fuse_ld_bfd succeeded with the following output:
Change Dir: /Users/airin/Downloads/blinky/build/blinky/CMakeFiles/CMakeTmp

Run Build Command(s):/opt/nordic/ncs/toolchains/5c0d382932/bin/ninja cmTC_ffedc && [1/2] Building C object CMakeFiles/cmTC_ffedc.dir/src.c.obj
[2/2] Linking C executable cmTC_ffedc


Source file was:
int main(void) { return 0; }
Performing C SOURCE FILE Test check_fdiagnostics_color_always_C__nostartfiles__nostdlib__isystem___opt_nordic_ncs_toolchains_5c0d382932_opt_zephyr_sdk_arm_zephyr_eabi_bin____lib_gcc_arm_zephyr_eabi_12_2_0_include___isystem___opt_nordic_ncs_toolchains_5c0d382932_opt_zephyr_sdk_arm_zephyr_eabi_bin____lib_gcc_arm_zephyr_eabi_12_2_0_include_fixed___Wl___unresolved_symbols_ignore_in_object_files__Wl___entry_0__fuse_ld_bfd succeeded with the following output:
Change Dir: /Users/airin/Downloads/blinky/build/blinky/CMakeFiles/CMakeTmp

Run Build Command(s):/opt/nordic/ncs/toolchains/5c0d382932/bin/ninja cmTC_71258 && [1/2] Building C object CMakeFiles/cmTC_71258.dir/src.c.obj
[2/2] Linking C executable cmTC_71258


Source file was:
int main(void) { return 0; }
Performing C SOURCE FILE Test check_C__nostartfiles__nostdlib__isystem___opt_nordic_ncs_toolchains_5c0d382932_opt_zephyr_sdk_arm_zephyr_eabi_bin____lib_gcc_arm_zephyr_eabi_12_2_0_include___isystem___opt_nordic_ncs_toolchains_5c0d382932_opt_zephyr_sdk_arm_zephyr_eabi_bin____lib_gcc_arm_zephyr_eabi_12_2_0_include_fixed___Wl___unresolved_symbols_ignore_in_object_files__Wl___entry_0__fuse_ld_bfd__Wl___gc_sections succeeded with the following output:
Change Dir: /Users/airin/Downloads/blinky/build/blinky/CMakeFiles/CMakeTmp

Run Build Command(s):/opt/nordic/ncs/toolchains/5c0d382932/bin/ninja cmTC_6587d && [1/2] Building C object CMakeFiles/cmTC_6587d.dir/src.c.obj
[2/2] Linking C executable cmTC_6587d


Source file was:
int main(void) { return 0; }
Performing C SOURCE FILE Test check_C__nostartfiles__nostdlib__isystem___opt_nordic_ncs_toolchains_5c0d382932_opt_zephyr_sdk_arm_zephyr_eabi_bin____lib_gcc_arm_zephyr_eabi_12_2_0_include___isystem___opt_nordic_ncs_toolchains_5c0d382932_opt_zephyr_sdk_arm_zephyr_eabi_bin____lib_gcc_arm_zephyr_eabi_12_2_0_include_fixed___Wl___unresolved_symbols_ignore_in_object_files__Wl___entry_0__fuse_ld_bfd__Wl___build_id_none succeeded with the following output:
Change Dir: /Users/airin/Downloads/blinky/build/blinky/CMakeFiles/CMakeTmp

Run Build Command(s):/opt/nordic/ncs/toolchains/5c0d382932/bin/ninja cmTC_7c410 && [1/2] Building C object CMakeFiles/cmTC_7c410.dir/src.c.obj
[2/2] Linking C executable cmTC_7c410


Source file was:
int main(void) { return 0; }
Performing C SOURCE FILE Test check_C__nostartfiles__nostdlib__isystem___opt_nordic_ncs_toolchains_5c0d382932_opt_zephyr_sdk_arm_zephyr_eabi_bin____lib_gcc_arm_zephyr_eabi_12_2_0_include___isystem___opt_nordic_ncs_toolchains_5c0d382932_opt_zephyr_sdk_arm_zephyr_eabi_bin____lib_gcc_arm_zephyr_eabi_12_2_0_include_fixed___Wl___unresolved_symbols_ignore_in_object_files__Wl___entry_0__fuse_ld_bfd__nostdlib succeeded with the following output:
Change Dir: /Users/airin/Downloads/blinky/build/blinky/CMakeFiles/CMakeTmp

Run Build Command(s):/opt/nordic/ncs/toolchains/5c0d382932/bin/ninja cmTC_41819 && [1/2] Building C object CMakeFiles/cmTC_41819.dir/src.c.obj
[2/2] Linking C executable cmTC_41819


Source file was:
int main(void) { return 0; }
Performing C SOURCE FILE Test check_C__nostartfiles__nostdlib__isystem___opt_nordic_ncs_toolchains_5c0d382932_opt_zephyr_sdk_arm_zephyr_eabi_bin____lib_gcc_arm_zephyr_eabi_12_2_0_include___isystem___opt_nordic_ncs_toolchains_5c0d382932_opt_zephyr_sdk_arm_zephyr_eabi_bin____lib_gcc_arm_zephyr_eabi_12_2_0_include_fixed___Wl___unresolved_symbols_ignore_in_object_files__Wl___entry_0__fuse_ld_bfd__static succeeded with the following output:
Change Dir: /Users/airin/Downloads/blinky/build/blinky/CMakeFiles/CMakeTmp

Run Build Command(s):/opt/nordic/ncs/toolchains/5c0d382932/bin/ninja cmTC_98893 && [1/2] Building C object CMakeFiles/cmTC_98893.dir/src.c.obj
[2/2] Linking C executable cmTC_98893


Source file was:
int main(void) { return 0; }
Performing C SOURCE FILE Test check_C__nostartfiles__nostdlib__isystem___opt_nordic_ncs_toolchains_5c0d382932_opt_zephyr_sdk_arm_zephyr_eabi_bin____lib_gcc_arm_zephyr_eabi_12_2_0_include___isystem___opt_nordic_ncs_toolchains_5c0d382932_opt_zephyr_sdk_arm_zephyr_eabi_bin____lib_gcc_arm_zephyr_eabi_12_2_0_include_fixed___Wl___unresolved_symbols_ignore_in_object_files__Wl___entry_0__fuse_ld_bfd__Wl__X succeeded with the following output:
Change Dir: /Users/airin/Downloads/blinky/build/blinky/CMakeFiles/CMakeTmp

Run Build Command(s):/opt/nordic/ncs/toolchains/5c0d382932/bin/ninja cmTC_d3fe5 && [1/2] Building C object CMakeFiles/cmTC_d3fe5.dir/src.c.obj
[2/2] Linking C executable cmTC_d3fe5


Source file was:
int main(void) { return 0; }
Performing C SOURCE FILE Test check_C__nostartfiles__nostdlib__isystem___opt_nordic_ncs_toolchains_5c0d382932_opt_zephyr_sdk_arm_zephyr_eabi_bin____lib_gcc_arm_zephyr_eabi_12_2_0_include___isystem___opt_nordic_ncs_toolchains_5c0d382932_opt_zephyr_sdk_arm_zephyr_eabi_bin____lib_gcc_arm_zephyr_eabi_12_2_0_include_fixed___Wl___unresolved_symbols_ignore_in_object_files__Wl___entry_0__fuse_ld_bfd__Wl__N succeeded with the following output:
Change Dir: /Users/airin/Downloads/blinky/build/blinky/CMakeFiles/CMakeTmp

Run Build Command(s):/opt/nordic/ncs/toolchains/5c0d382932/bin/ninja cmTC_2d132 && [1/2] Building C object CMakeFiles/cmTC_2d132.dir/src.c.obj
[2/2] Linking C executable cmTC_2d132


Source file was:
int main(void) { return 0; }
Performing C SOURCE FILE Test check_C__nostartfiles__nostdlib__isystem___opt_nordic_ncs_toolchains_5c0d382932_opt_zephyr_sdk_arm_zephyr_eabi_bin____lib_gcc_arm_zephyr_eabi_12_2_0_include___isystem___opt_nordic_ncs_toolchains_5c0d382932_opt_zephyr_sdk_arm_zephyr_eabi_bin____lib_gcc_arm_zephyr_eabi_12_2_0_include_fixed___Wl___unresolved_symbols_ignore_in_object_files__Wl___entry_0__fuse_ld_bfd__Wl___orphan_handling_warn succeeded with the following output:
Change Dir: /Users/airin/Downloads/blinky/build/blinky/CMakeFiles/CMakeTmp

Run Build Command(s):/opt/nordic/ncs/toolchains/5c0d382932/bin/ninja cmTC_40417 && [1/2] Building C object CMakeFiles/cmTC_40417.dir/src.c.obj
[2/2] Linking C executable cmTC_40417


Source file was:
int main(void) { return 0; }
Performing C SOURCE FILE Test check_C__nostartfiles__nostdlib__isystem___opt_nordic_ncs_toolchains_5c0d382932_opt_zephyr_sdk_arm_zephyr_eabi_bin____lib_gcc_arm_zephyr_eabi_12_2_0_include___isystem___opt_nordic_ncs_toolchains_5c0d382932_opt_zephyr_sdk_arm_zephyr_eabi_bin____lib_gcc_arm_zephyr_eabi_12_2_0_include_fixed___Wl___unresolved_symbols_ignore_in_object_files__Wl___entry_0__fuse_ld_bfd__Wl___orphan_handling_error succeeded with the following output:
Change Dir: /Users/airin/Downloads/blinky/build/blinky/CMakeFiles/CMakeTmp

Run Build Command(s):/opt/nordic/ncs/toolchains/5c0d382932/bin/ninja cmTC_ebd10 && [1/2] Building C object CMakeFiles/cmTC_ebd10.dir/src.c.obj
[2/2] Linking C executable cmTC_ebd10


Source file was:
int main(void) { return 0; }
Performing C SOURCE FILE Test check_C__nostartfiles__nostdlib__isystem___opt_nordic_ncs_toolchains_5c0d382932_opt_zephyr_sdk_arm_zephyr_eabi_bin____lib_gcc_arm_zephyr_eabi_12_2_0_include___isystem___opt_nordic_ncs_toolchains_5c0d382932_opt_zephyr_sdk_arm_zephyr_eabi_bin____lib_gcc_arm_zephyr_eabi_12_2_0_include_fixed___Wl___unresolved_symbols_ignore_in_object_files__Wl___entry_0__fuse_ld_bfd__Wl___print_memory_usage succeeded with the following output:
Change Dir: /Users/airin/Downloads/blinky/build/blinky/CMakeFiles/CMakeTmp

Run Build Command(s):/opt/nordic/ncs/toolchains/5c0d382932/bin/ninja cmTC_7d9ae && [1/2] Building C object CMakeFiles/cmTC_7d9ae.dir/src.c.obj
[2/2] Linking C executable cmTC_7d9ae
Memory region         Used Size  Region Size  %age Used


Source file was:
int main(void) { return 0; }
Performing C SOURCE FILE Test check_C__nostartfiles__nostdlib__isystem___opt_nordic_ncs_toolchains_5c0d382932_opt_zephyr_sdk_arm_zephyr_eabi_bin____lib_gcc_arm_zephyr_eabi_12_2_0_include___isystem___opt_nordic_ncs_toolchains_5c0d382932_opt_zephyr_sdk_arm_zephyr_eabi_bin____lib_gcc_arm_zephyr_eabi_12_2_0_include_fixed___Wl___unresolved_symbols_ignore_in_object_files__Wl___entry_0__fuse_ld_bfd__fsanitize_undefined succeeded with the following output:
Change Dir: /Users/airin/Downloads/blinky/build/blinky/CMakeFiles/CMakeTmp

Run Build Command(s):/opt/nordic/ncs/toolchains/5c0d382932/bin/ninja cmTC_6356f && [1/2] Building C object CMakeFiles/cmTC_6356f.dir/src.c.obj
[2/2] Linking C executable cmTC_6356f


Source file was:
int main(void) { return 0; }
Performing C SOURCE FILE Test check_C__nostartfiles__nostdlib__isystem___opt_nordic_ncs_toolchains_5c0d382932_opt_zephyr_sdk_arm_zephyr_eabi_bin____lib_gcc_arm_zephyr_eabi_12_2_0_include___isystem___opt_nordic_ncs_toolchains_5c0d382932_opt_zephyr_sdk_arm_zephyr_eabi_bin____lib_gcc_arm_zephyr_eabi_12_2_0_include_fixed___Wl___unresolved_symbols_ignore_in_object_files__Wl___entry_0__fuse_ld_bfd__fsanitize_undefined_trap_on_error succeeded with the following output:
Change Dir: /Users/airin/Downloads/blinky/build/blinky/CMakeFiles/CMakeTmp

Run Build Command(s):/opt/nordic/ncs/toolchains/5c0d382932/bin/ninja cmTC_66348 && [1/2] Building C object CMakeFiles/cmTC_66348.dir/src.c.obj
[2/2] Linking C executable cmTC_66348


Source file was:
int main(void) { return 0; }
Performing C SOURCE FILE Test check_C__nostartfiles__nostdlib__isystem___opt_nordic_ncs_toolchains_5c0d382932_opt_zephyr_sdk_arm_zephyr_eabi_bin____lib_gcc_arm_zephyr_eabi_12_2_0_include___isystem___opt_nordic_ncs_toolchains_5c0d382932_opt_zephyr_sdk_arm_zephyr_eabi_bin____lib_gcc_arm_zephyr_eabi_12_2_0_include_fixed___Wl___unresolved_symbols_ignore_in_object_files__Wl___entry_0__fuse_ld_bfd__Wl___no_relax succeeded with the following output:
Change Dir: /Users/airin/Downloads/blinky/build/blinky/CMakeFiles/CMakeTmp

Run Build Command(s):/opt/nordic/ncs/toolchains/5c0d382932/bin/ninja cmTC_a48a9 && [1/2] Building C object CMakeFiles/cmTC_a48a9.dir/src.c.obj
[2/2] Linking C executable cmTC_a48a9


Source file was:
int main(void) { return 0; }
Performing C SOURCE FILE Test check_C__nostartfiles__nostdlib__isystem___opt_nordic_ncs_toolchains_5c0d382932_opt_zephyr_sdk_arm_zephyr_eabi_bin____lib_gcc_arm_zephyr_eabi_12_2_0_include___isystem___opt_nordic_ncs_toolchains_5c0d382932_opt_zephyr_sdk_arm_zephyr_eabi_bin____lib_gcc_arm_zephyr_eabi_12_2_0_include_fixed___Wl___unresolved_symbols_ignore_in_object_files__Wl___entry_0__fuse_ld_bfd__Wl___sort_common_descending succeeded with the following output:
Change Dir: /Users/airin/Downloads/blinky/build/blinky/CMakeFiles/CMakeTmp

Run Build Command(s):/opt/nordic/ncs/toolchains/5c0d382932/bin/ninja cmTC_4ea5d && [1/2] Building C object CMakeFiles/cmTC_4ea5d.dir/src.c.obj
[2/2] Linking C executable cmTC_4ea5d


Source file was:
int main(void) { return 0; }
Performing C SOURCE FILE Test check_C__nostartfiles__nostdlib__isystem___opt_nordic_ncs_toolchains_5c0d382932_opt_zephyr_sdk_arm_zephyr_eabi_bin____lib_gcc_arm_zephyr_eabi_12_2_0_include___isystem___opt_nordic_ncs_toolchains_5c0d382932_opt_zephyr_sdk_arm_zephyr_eabi_bin____lib_gcc_arm_zephyr_eabi_12_2_0_include_fixed___Wl___unresolved_symbols_ignore_in_object_files__Wl___entry_0__fuse_ld_bfd__Wl___sort_section_alignment succeeded with the following output:
Change Dir: /Users/airin/Downloads/blinky/build/blinky/CMakeFiles/CMakeTmp

Run Build Command(s):/opt/nordic/ncs/toolchains/5c0d382932/bin/ninja cmTC_f27c4 && [1/2] Building C object CMakeFiles/cmTC_f27c4.dir/src.c.obj
[2/2] Linking C executable cmTC_f27c4


Source file was:
int main(void) { return 0; }
Performing C SOURCE FILE Test check_C__nostartfiles__nostdlib__isystem___opt_nordic_ncs_toolchains_5c0d382932_opt_zephyr_sdk_arm_zephyr_eabi_bin____lib_gcc_arm_zephyr_eabi_12_2_0_include___isystem___opt_nordic_ncs_toolchains_5c0d382932_opt_zephyr_sdk_arm_zephyr_eabi_bin____lib_gcc_arm_zephyr_eabi_12_2_0_include_fixed___Wl___unresolved_symbols_ignore_in_object_files__Wl___entry_0__fuse_ld_bfd__pg succeeded with the following output:
Change Dir: /Users/airin/Downloads/blinky/build/blinky/CMakeFiles/CMakeTmp

Run Build Command(s):/opt/nordic/ncs/toolchains/5c0d382932/bin/ninja cmTC_31015 && [1/2] Building C object CMakeFiles/cmTC_31015.dir/src.c.obj
[2/2] Linking C executable cmTC_31015


Source file was:
int main(void) { return 0; }
Performing C SOURCE FILE Test check_C__nostartfiles__nostdlib__isystem___opt_nordic_ncs_toolchains_5c0d382932_opt_zephyr_sdk_arm_zephyr_eabi_bin____lib_gcc_arm_zephyr_eabi_12_2_0_include___isystem___opt_nordic_ncs_toolchains_5c0d382932_opt_zephyr_sdk_arm_zephyr_eabi_bin____lib_gcc_arm_zephyr_eabi_12_2_0_include_fixed___Wl___unresolved_symbols_ignore_in_object_files__Wl___entry_0__fuse_ld_bfd__mcpu_cortex_m4__mthumb__mabi_aapcs__mfp16_format_ieee__mtp_soft__fuse_ld_bfd succeeded with the following output:
Change Dir: /Users/airin/Downloads/blinky/build/blinky/CMakeFiles/CMakeTmp

Run Build Command(s):/opt/nordic/ncs/toolchains/5c0d382932/bin/ninja cmTC_6daa8 && [1/2] Building C object CMakeFiles/cmTC_6daa8.dir/src.c.obj
[2/2] Linking C executable cmTC_6daa8


Source file was:
int main(void) { return 0; }
Performing C SOURCE FILE Test check_fno_asynchronous_unwind_tables_C__nostartfiles__nostdlib__isystem___opt_nordic_ncs_toolchains_5c0d382932_opt_zephyr_sdk_arm_zephyr_eabi_bin____lib_gcc_arm_zephyr_eabi_12_2_0_include___isystem___opt_nordic_ncs_toolchains_5c0d382932_opt_zephyr_sdk_arm_zephyr_eabi_bin____lib_gcc_arm_zephyr_eabi_12_2_0_include_fixed___Wl___unresolved_symbols_ignore_in_object_files__Wl___entry_0__fuse_ld_bfd succeeded with the following output:
Change Dir: /Users/airin/Downloads/blinky/build/blinky/CMakeFiles/CMakeTmp

Run Build Command(s):/opt/nordic/ncs/toolchains/5c0d382932/bin/ninja cmTC_c6418 && [1/2] Building C object CMakeFiles/cmTC_c6418.dir/src.c.obj
[2/2] Linking C executable cmTC_c6418


Source file was:
int main(void) { return 0; }
Performing C SOURCE FILE Test check_ftls_model_local_exec_C__nostartfiles__nostdlib__isystem___opt_nordic_ncs_toolchains_5c0d382932_opt_zephyr_sdk_arm_zephyr_eabi_bin____lib_gcc_arm_zephyr_eabi_12_2_0_include___isystem___opt_nordic_ncs_toolchains_5c0d382932_opt_zephyr_sdk_arm_zephyr_eabi_bin____lib_gcc_arm_zephyr_eabi_12_2_0_include_fixed___Wl___unresolved_symbols_ignore_in_object_files__Wl___entry_0__fuse_ld_bfd succeeded with the following output:
Change Dir: /Users/airin/Downloads/blinky/build/blinky/CMakeFiles/CMakeTmp

Run Build Command(s):/opt/nordic/ncs/toolchains/5c0d382932/bin/ninja cmTC_80216 && [1/2] Building C object CMakeFiles/cmTC_80216.dir/src.c.obj
[2/2] Linking C executable cmTC_80216


Source file was:
int main(void) { return 0; }
Performing C SOURCE FILE Test check_fno_reorder_functions_C__nostartfiles__nostdlib__isystem___opt_nordic_ncs_toolchains_5c0d382932_opt_zephyr_sdk_arm_zephyr_eabi_bin____lib_gcc_arm_zephyr_eabi_12_2_0_include___isystem___opt_nordic_ncs_toolchains_5c0d382932_opt_zephyr_sdk_arm_zephyr_eabi_bin____lib_gcc_arm_zephyr_eabi_12_2_0_include_fixed___Wl___unresolved_symbols_ignore_in_object_files__Wl___entry_0__fuse_ld_bfd succeeded with the following output:
Change Dir: /Users/airin/Downloads/blinky/build/blinky/CMakeFiles/CMakeTmp

Run Build Command(s):/opt/nordic/ncs/toolchains/5c0d382932/bin/ninja cmTC_a9438 && [1/2] Building C object CMakeFiles/cmTC_a9438.dir/src.c.obj
[2/2] Linking C executable cmTC_a9438


Source file was:
int main(void) { return 0; }
Performing C SOURCE FILE Test check__param_min_pagesize_0_C__nostartfiles__nostdlib__isystem___opt_nordic_ncs_toolchains_5c0d382932_opt_zephyr_sdk_arm_zephyr_eabi_bin____lib_gcc_arm_zephyr_eabi_12_2_0_include___isystem___opt_nordic_ncs_toolchains_5c0d382932_opt_zephyr_sdk_arm_zephyr_eabi_bin____lib_gcc_arm_zephyr_eabi_12_2_0_include_fixed___Wl___unresolved_symbols_ignore_in_object_files__Wl___entry_0__fuse_ld_bfd succeeded with the following output:
Change Dir: /Users/airin/Downloads/blinky/build/blinky/CMakeFiles/CMakeTmp

Run Build Command(s):/opt/nordic/ncs/toolchains/5c0d382932/bin/ninja cmTC_94945 && [1/2] Building C object CMakeFiles/cmTC_94945.dir/src.c.obj
[2/2] Linking C executable cmTC_94945


Source file was:
int main(void) { return 0; }
Performing C SOURCE FILE Test check_fno_defer_pop_C__nostartfiles__nostdlib__isystem___opt_nordic_ncs_toolchains_5c0d382932_opt_zephyr_sdk_arm_zephyr_eabi_bin____lib_gcc_arm_zephyr_eabi_12_2_0_include___isystem___opt_nordic_ncs_toolchains_5c0d382932_opt_zephyr_sdk_arm_zephyr_eabi_bin____lib_gcc_arm_zephyr_eabi_12_2_0_include_fixed___Wl___unresolved_symbols_ignore_in_object_files__Wl___entry_0__fuse_ld_bfd succeeded with the following output:
Change Dir: /Users/airin/Downloads/blinky/build/blinky/CMakeFiles/CMakeTmp

Run Build Command(s):/opt/nordic/ncs/toolchains/5c0d382932/bin/ninja cmTC_42b26 && [1/2] Building C object CMakeFiles/cmTC_42b26.dir/src.c.obj
[2/2] Linking C executable cmTC_42b26


Source file was:
int main(void) { return 0; }
Performing C SOURCE FILE Test check_fmacro_prefix_map__Users_airin_Downloads_blinky_CMAKE_SOURCE_DIR_C__nostartfiles__nostdlib__isystem___opt_nordic_ncs_toolchains_5c0d382932_opt_zephyr_sdk_arm_zephyr_eabi_bin____lib_gcc_arm_zephyr_eabi_12_2_0_include___isystem___opt_nordic_ncs_toolchains_5c0d382932_opt_zephyr_sdk_arm_zephyr_eabi_bin____lib_gcc_arm_zephyr_eabi_12_2_0_include_fixed___Wl___unresolved_symbols_ignore_in_object_files__Wl___entry_0__fuse_ld_bfd succeeded with the following output:
Change Dir: /Users/airin/Downloads/blinky/build/blinky/CMakeFiles/CMakeTmp

Run Build Command(s):/opt/nordic/ncs/toolchains/5c0d382932/bin/ninja cmTC_ea1db && [1/2] Building C object CMakeFiles/cmTC_ea1db.dir/src.c.obj
[2/2] Linking C executable cmTC_ea1db


Source file was:
int main(void) { return 0; }
Performing C SOURCE FILE Test check_fmacro_prefix_map__opt_nordic_ncs_v3_1_0_zephyr_ZEPHYR_BASE_C__nostartfiles__nostdlib__isystem___opt_nordic_ncs_toolchains_5c0d382932_opt_zephyr_sdk_arm_zephyr_eabi_bin____lib_gcc_arm_zephyr_eabi_12_2_0_include___isystem___opt_nordic_ncs_toolchains_5c0d382932_opt_zephyr_sdk_arm_zephyr_eabi_bin____lib_gcc_arm_zephyr_eabi_12_2_0_include_fixed___Wl___unresolved_symbols_ignore_in_object_files__Wl___entry_0__fuse_ld_bfd succeeded with the following output:
Change Dir: /Users/airin/Downloads/blinky/build/blinky/CMakeFiles/CMakeTmp

Run Build Command(s):/opt/nordic/ncs/toolchains/5c0d382932/bin/ninja cmTC_2e860 && [1/2] Building C object CMakeFiles/cmTC_2e860.dir/src.c.obj
[2/2] Linking C executable cmTC_2e860


Source file was:
int main(void) { return 0; }
Performing C SOURCE FILE Test check_fmacro_prefix_map__opt_nordic_ncs_v3_1_0_WEST_TOPDIR_C__nostartfiles__nostdlib__isystem___opt_nordic_ncs_toolchains_5c0d382932_opt_zephyr_sdk_arm_zephyr_eabi_bin____lib_gcc_arm_zephyr_eabi_12_2_0_include___isystem___opt_nordic_ncs_toolchains_5c0d382932_opt_zephyr_sdk_arm_zephyr_eabi_bin____lib_gcc_arm_zephyr_eabi_12_2_0_include_fixed___Wl___unresolved_symbols_ignore_in_object_files__Wl___entry_0__fuse_ld_bfd succeeded with the following output:
Change Dir: /Users/airin/Downloads/blinky/build/blinky/CMakeFiles/CMakeTmp

Run Build Command(s):/opt/nordic/ncs/toolchains/5c0d382932/bin/ninja cmTC_3128e && [1/2] Building C object CMakeFiles/cmTC_3128e.dir/src.c.obj
[2/2] Linking C executable cmTC_3128e


Source file was:
int main(void) { return 0; }
Performing C SOURCE FILE Test check_ffunction_sections_C__nostartfiles__nostdlib__isystem___opt_nordic_ncs_toolchains_5c0d382932_opt_zephyr_sdk_arm_zephyr_eabi_bin____lib_gcc_arm_zephyr_eabi_12_2_0_include___isystem___opt_nordic_ncs_toolchains_5c0d382932_opt_zephyr_sdk_arm_zephyr_eabi_bin____lib_gcc_arm_zephyr_eabi_12_2_0_include_fixed___Wl___unresolved_symbols_ignore_in_object_files__Wl___entry_0__fuse_ld_bfd succeeded with the following output:
Change Dir: /Users/airin/Downloads/blinky/build/blinky/CMakeFiles/CMakeTmp

Run Build Command(s):/opt/nordic/ncs/toolchains/5c0d382932/bin/ninja cmTC_54f50 && [1/2] Building C object CMakeFiles/cmTC_54f50.dir/src.c.obj
[2/2] Linking C executable cmTC_54f50


Source file was:
int main(void) { return 0; }
Performing C SOURCE FILE Test check_fdata_sections_C__nostartfiles__nostdlib__isystem___opt_nordic_ncs_toolchains_5c0d382932_opt_zephyr_sdk_arm_zephyr_eabi_bin____lib_gcc_arm_zephyr_eabi_12_2_0_include___isystem___opt_nordic_ncs_toolchains_5c0d382932_opt_zephyr_sdk_arm_zephyr_eabi_bin____lib_gcc_arm_zephyr_eabi_12_2_0_include_fixed___Wl___unresolved_symbols_ignore_in_object_files__Wl___entry_0__fuse_ld_bfd succeeded with the following output:
Change Dir: /Users/airin/Downloads/blinky/build/blinky/CMakeFiles/CMakeTmp

Run Build Command(s):/opt/nordic/ncs/toolchains/5c0d382932/bin/ninja cmTC_e6a45 && [1/2] Building C object CMakeFiles/cmTC_e6a45.dir/src.c.obj
[2/2] Linking C executable cmTC_e6a45


Source file was:
int main(void) { return 0; }
